<?xml version="1.0" encoding="UTF-8"?>
<testsuite xmlns:xsi="http://www.w3.org/2001/XMLSchema-instance" xsi:noNamespaceSchemaLocation="https://maven.apache.org/surefire/maven-surefire-plugin/xsd/surefire-test-report.xsd" name="jp.te4a.spring.boot.myapp2.AppTest" time="0.016" tests="1" errors="0" skipped="0" failures="0">
  <properties>
    <property name="sun.desktop" value="windows"/>
    <property name="awt.toolkit" value="sun.awt.windows.WToolkit"/>
    <property name="file.encoding.pkg" value="sun.io"/>
    <property name="java.specification.version" value="1.8"/>
    <property name="sun.cpu.isalist" value="amd64"/>
    <property name="sun.jnu.encoding" value="MS932"/>
    <property name="java.class.path" value="E:\dev\workspace_maven\MyBootApp2\target\test-classes;E:\dev\workspace_maven\MyBootApp2\target\classes;C:\Users\200783\.m2\repository\org\springframework\boot\spring-boot-starter-web\1.5.2.RELEASE\spring-boot-starter-web-1.5.2.RELEASE.jar;C:\Users\200783\.m2\repository\org\springframework\boot\spring-boot-starter\1.5.2.RELEASE\spring-boot-starter-1.5.2.RELEASE.jar;C:\Users\200783\.m2\repository\org\springframework\boot\spring-boot\1.5.2.RELEASE\spring-boot-1.5.2.RELEASE.jar;C:\Users\200783\.m2\repository\org\springframework\boot\spring-boot-autoconfigure\1.5.2.RELEASE\spring-boot-autoconfigure-1.5.2.RELEASE.jar;C:\Users\200783\.m2\repository\org\springframework\boot\spring-boot-starter-logging\1.5.2.RELEASE\spring-boot-starter-logging-1.5.2.RELEASE.jar;C:\Users\200783\.m2\repository\ch\qos\logback\logback-classic\1.1.11\logback-classic-1.1.11.jar;C:\Users\200783\.m2\repository\ch\qos\logback\logback-core\1.1.11\logback-core-1.1.11.jar;C:\Users\200783\.m2\repository\org\slf4j\slf4j-api\1.7.24\slf4j-api-1.7.24.jar;C:\Users\200783\.m2\repository\org\slf4j\jcl-over-slf4j\1.7.24\jcl-over-slf4j-1.7.24.jar;C:\Users\200783\.m2\repository\org\slf4j\jul-to-slf4j\1.7.24\jul-to-slf4j-1.7.24.jar;C:\Users\200783\.m2\repository\org\slf4j\log4j-over-slf4j\1.7.24\log4j-over-slf4j-1.7.24.jar;C:\Users\200783\.m2\repository\org\springframework\spring-core\4.3.7.RELEASE\spring-core-4.3.7.RELEASE.jar;C:\Users\200783\.m2\repository\org\yaml\snakeyaml\1.17\snakeyaml-1.17.jar;C:\Users\200783\.m2\repository\org\springframework\boot\spring-boot-starter-tomcat\1.5.2.RELEASE\spring-boot-starter-tomcat-1.5.2.RELEASE.jar;C:\Users\200783\.m2\repository\org\apache\tomcat\embed\tomcat-embed-core\8.5.11\tomcat-embed-core-8.5.11.jar;C:\Users\200783\.m2\repository\org\apache\tomcat\embed\tomcat-embed-el\8.5.11\tomcat-embed-el-8.5.11.jar;C:\Users\200783\.m2\repository\org\apache\tomcat\embed\tomcat-embed-websocket\8.5.11\tomcat-embed-websocket-8.5.11.jar;C:\Users\200783\.m2\repository\org\hibernate\hibernate-validator\5.3.4.Final\hibernate-validator-5.3.4.Final.jar;C:\Users\200783\.m2\repository\javax\validation\validation-api\1.1.0.Final\validation-api-1.1.0.Final.jar;C:\Users\200783\.m2\repository\org\jboss\logging\jboss-logging\3.3.0.Final\jboss-logging-3.3.0.Final.jar;C:\Users\200783\.m2\repository\com\fasterxml\classmate\1.3.3\classmate-1.3.3.jar;C:\Users\200783\.m2\repository\com\fasterxml\jackson\core\jackson-databind\2.8.7\jackson-databind-2.8.7.jar;C:\Users\200783\.m2\repository\com\fasterxml\jackson\core\jackson-annotations\2.8.0\jackson-annotations-2.8.0.jar;C:\Users\200783\.m2\repository\com\fasterxml\jackson\core\jackson-core\2.8.7\jackson-core-2.8.7.jar;C:\Users\200783\.m2\repository\org\springframework\spring-web\4.3.7.RELEASE\spring-web-4.3.7.RELEASE.jar;C:\Users\200783\.m2\repository\org\springframework\spring-aop\4.3.7.RELEASE\spring-aop-4.3.7.RELEASE.jar;C:\Users\200783\.m2\repository\org\springframework\spring-beans\4.3.7.RELEASE\spring-beans-4.3.7.RELEASE.jar;C:\Users\200783\.m2\repository\org\springframework\spring-context\4.3.7.RELEASE\spring-context-4.3.7.RELEASE.jar;C:\Users\200783\.m2\repository\org\springframework\spring-webmvc\4.3.7.RELEASE\spring-webmvc-4.3.7.RELEASE.jar;C:\Users\200783\.m2\repository\org\springframework\spring-expression\4.3.7.RELEASE\spring-expression-4.3.7.RELEASE.jar;C:\Users\200783\.m2\repository\junit\junit\4.8.1\junit-4.8.1.jar;"/>
    <property name="java.vm.vendor" value="Oracle Corporation"/>
    <property name="sun.arch.data.model" value="64"/>
    <property name="user.variant" value=""/>
    <property name="java.vendor.url" value="http://java.oracle.com/"/>
    <property name="user.timezone" value="Asia/Tokyo"/>
    <property name="java.vm.specification.version" value="1.8"/>
    <property name="os.name" value="Windows 10"/>
    <property name="user.country" value="JP"/>
    <property name="sun.java.launcher" value="SUN_STANDARD"/>
    <property name="sun.boot.library.path" value="E:\dev\jdk-1.8\jre\bin"/>
    <property name="sun.java.command" value="C:\Users\200783\AppData\Local\Temp\surefire6987501089663197571\surefirebooter4692144466662082087.jar C:\Users\200783\AppData\Local\Temp\surefire6987501089663197571 2023-06-05T09-58-31_639-jvmRun1 surefire2456420429197420102tmp surefire_02084590446709140000tmp"/>
    <property name="surefire.test.class.path" value="E:\dev\workspace_maven\MyBootApp2\target\test-classes;E:\dev\workspace_maven\MyBootApp2\target\classes;C:\Users\200783\.m2\repository\org\springframework\boot\spring-boot-starter-web\1.5.2.RELEASE\spring-boot-starter-web-1.5.2.RELEASE.jar;C:\Users\200783\.m2\repository\org\springframework\boot\spring-boot-starter\1.5.2.RELEASE\spring-boot-starter-1.5.2.RELEASE.jar;C:\Users\200783\.m2\repository\org\springframework\boot\spring-boot\1.5.2.RELEASE\spring-boot-1.5.2.RELEASE.jar;C:\Users\200783\.m2\repository\org\springframework\boot\spring-boot-autoconfigure\1.5.2.RELEASE\spring-boot-autoconfigure-1.5.2.RELEASE.jar;C:\Users\200783\.m2\repository\org\springframework\boot\spring-boot-starter-logging\1.5.2.RELEASE\spring-boot-starter-logging-1.5.2.RELEASE.jar;C:\Users\200783\.m2\repository\ch\qos\logback\logback-classic\1.1.11\logback-classic-1.1.11.jar;C:\Users\200783\.m2\repository\ch\qos\logback\logback-core\1.1.11\logback-core-1.1.11.jar;C:\Users\200783\.m2\repository\org\slf4j\slf4j-api\1.7.24\slf4j-api-1.7.24.jar;C:\Users\200783\.m2\repository\org\slf4j\jcl-over-slf4j\1.7.24\jcl-over-slf4j-1.7.24.jar;C:\Users\200783\.m2\repository\org\slf4j\jul-to-slf4j\1.7.24\jul-to-slf4j-1.7.24.jar;C:\Users\200783\.m2\repository\org\slf4j\log4j-over-slf4j\1.7.24\log4j-over-slf4j-1.7.24.jar;C:\Users\200783\.m2\repository\org\springframework\spring-core\4.3.7.RELEASE\spring-core-4.3.7.RELEASE.jar;C:\Users\200783\.m2\repository\org\yaml\snakeyaml\1.17\snakeyaml-1.17.jar;C:\Users\200783\.m2\repository\org\springframework\boot\spring-boot-starter-tomcat\1.5.2.RELEASE\spring-boot-starter-tomcat-1.5.2.RELEASE.jar;C:\Users\200783\.m2\repository\org\apache\tomcat\embed\tomcat-embed-core\8.5.11\tomcat-embed-core-8.5.11.jar;C:\Users\200783\.m2\repository\org\apache\tomcat\embed\tomcat-embed-el\8.5.11\tomcat-embed-el-8.5.11.jar;C:\Users\200783\.m2\repository\org\apache\tomcat\embed\tomcat-embed-websocket\8.5.11\tomcat-embed-websocket-8.5.11.jar;C:\Users\200783\.m2\repository\org\hibernate\hibernate-validator\5.3.4.Final\hibernate-validator-5.3.4.Final.jar;C:\Users\200783\.m2\repository\javax\validation\validation-api\1.1.0.Final\validation-api-1.1.0.Final.jar;C:\Users\200783\.m2\repository\org\jboss\logging\jboss-logging\3.3.0.Final\jboss-logging-3.3.0.Final.jar;C:\Users\200783\.m2\repository\com\fasterxml\classmate\1.3.3\classmate-1.3.3.jar;C:\Users\200783\.m2\repository\com\fasterxml\jackson\core\jackson-databind\2.8.7\jackson-databind-2.8.7.jar;C:\Users\200783\.m2\repository\com\fasterxml\jackson\core\jackson-annotations\2.8.0\jackson-annotations-2.8.0.jar;C:\Users\200783\.m2\repository\com\fasterxml\jackson\core\jackson-core\2.8.7\jackson-core-2.8.7.jar;C:\Users\200783\.m2\repository\org\springframework\spring-web\4.3.7.RELEASE\spring-web-4.3.7.RELEASE.jar;C:\Users\200783\.m2\repository\org\springframework\spring-aop\4.3.7.RELEASE\spring-aop-4.3.7.RELEASE.jar;C:\Users\200783\.m2\repository\org\springframework\spring-beans\4.3.7.RELEASE\spring-beans-4.3.7.RELEASE.jar;C:\Users\200783\.m2\repository\org\springframework\spring-context\4.3.7.RELEASE\spring-context-4.3.7.RELEASE.jar;C:\Users\200783\.m2\repository\org\springframework\spring-webmvc\4.3.7.RELEASE\spring-webmvc-4.3.7.RELEASE.jar;C:\Users\200783\.m2\repository\org\springframework\spring-expression\4.3.7.RELEASE\spring-expression-4.3.7.RELEASE.jar;C:\Users\200783\.m2\repository\junit\junit\4.8.1\junit-4.8.1.jar;"/>
    <property name="sun.cpu.endian" value="little"/>
    <property name="user.home" value="C:\Users\200783"/>
    <property name="user.language" value="ja"/>
    <property name="java.specification.vendor" value="Oracle Corporation"/>
    <property name="java.home" value="E:\dev\jdk-1.8\jre"/>
    <property name="basedir" value="E:\dev\workspace_maven\MyBootApp2"/>
    <property name="file.separator" value="\"/>
    <property name="line.separator" value="&#10;"/>
    <property name="java.vm.specification.vendor" value="Oracle Corporation"/>
    <property name="java.specification.name" value="Java Platform API Specification"/>
    <property name="java.awt.graphicsenv" value="sun.awt.Win32GraphicsEnvironment"/>
    <property name="surefire.real.class.path" value="C:\Users\200783\AppData\Local\Temp\surefire6987501089663197571\surefirebooter4692144466662082087.jar"/>
    <property name="sun.boot.class.path" value="E:\dev\jdk-1.8\jre\lib\resources.jar;E:\dev\jdk-1.8\jre\lib\rt.jar;E:\dev\jdk-1.8\jre\lib\jsse.jar;E:\dev\jdk-1.8\jre\lib\jce.jar;E:\dev\jdk-1.8\jre\lib\charsets.jar;E:\dev\jdk-1.8\jre\lib\jfr.jar;E:\dev\jdk-1.8\jre\classes"/>
    <property name="user.script" value=""/>
    <property name="sun.management.compiler" value="HotSpot 64-Bit Tiered Compilers"/>
    <property name="java.runtime.version" value="1.8.0_371-b11"/>
    <property name="user.name" value="200783"/>
    <property name="path.separator" value=";"/>
    <property name="os.version" value="10.0"/>
    <property name="java.endorsed.dirs" value="E:\dev\jdk-1.8\jre\lib\endorsed"/>
    <property name="java.runtime.name" value="Java(TM) SE Runtime Environment"/>
    <property name="file.encoding" value="MS932"/>
    <property name="java.vm.name" value="Java HotSpot(TM) 64-Bit Server VM"/>
    <property name="localRepository" value="C:\Users\200783\.m2\repository"/>
    <property name="java.vendor.url.bug" value="http://bugreport.sun.com/bugreport/"/>
    <property name="java.io.tmpdir" value="C:\Users\200783\AppData\Local\Temp\"/>
    <property name="java.version" value="1.8.0_371"/>
    <property name="user.dir" value="E:\dev\workspace_maven\MyBootApp2"/>
    <property name="os.arch" value="amd64"/>
    <property name="java.vm.specification.name" value="Java Virtual Machine Specification"/>
    <property name="java.awt.printerjob" value="sun.awt.windows.WPrinterJob"/>
    <property name="sun.os.patch.level" value=""/>
    <property name="java.library.path" value="E:\dev\jdk-1.8\jre\bin;C:\Windows\Sun\Java\bin;C:\Windows\system32;C:\Windows;E:\dev\jdk-1.8\bin;E:\dev\\apache-maven-3.9.1\bin;C:\Program Files\NVIDIA GPU Computing Toolkit\CUDA\v10.1\bin;C:\Program Files\NVIDIA GPU Computing Toolkit\CUDA\v10.1\libnvvp;C:\Program Files\Common Files\Oracle\Java\javapath;C:\Windows\system32;C:\Windows;C:\Windows\System32\Wbem;C:\Windows\System32\WindowsPowerShell\v1.0\;C:\Windows\System32\OpenSSH\;C:\Program Files\dotnet\;C:\Program Files\Docker\Docker\resources\bin;C:\Program Files (x86)\NVIDIA Corporation\PhysX\Common;C:\Program Files\NVIDIA Corporation\Nsight Compute 2019.1\;C:\Program Files\NVIDIA Corporation\NVIDIA NvDLISR;C:\Users\200783\AppData\Local\Microsoft\WindowsApps;C:\Users\200783\AppData\Local\Programs\Git\cmd;."/>
    <property name="java.vm.info" value="mixed mode"/>
    <property name="java.vendor" value="Oracle Corporation"/>
    <property name="java.vm.version" value="25.371-b11"/>
    <property name="java.specification.maintenance.version" value="4"/>
    <property name="java.ext.dirs" value="E:\dev\jdk-1.8\jre\lib\ext;C:\Windows\Sun\Java\lib\ext"/>
    <property name="sun.io.unicode.encoding" value="UnicodeLittle"/>
    <property name="java.class.version" value="52.0"/>
  </properties>
  <testcase name="shouldAnswerWithTrue" classname="jp.te4a.spring.boot.myapp2.AppTest" time="0.002"/>
</testsuite>